Microsoft (R) Help Compiler
HCRTF 4.03.0002
Copyright (c) Microsoft Corp 1990 - 1995. All rights reserved.
HPSim_spa.hpj
    HC4006: Warning: 
	The folder "E:\WINNT\PROFILES\ADMINISTRATOR\EIGENE DATEIEN\CPP\PROJECTS\PSIM_PROJECT\HELPSOURCE" specified for the "ROOT" option does not exist.
    HC3080: Warning: HPSim_spa.hpj : 
	The string "HID_FILE_MRU_FILE1" has already been aliased:
	HID_FILE_MRU_FILE1                  = DEFAULT
.
    HC3080: Warning: HPSim_spa.hpj : 
	The string "HID_FILE_MRU_FILE1" has already been aliased:
	HID_FILE_MRU_FILE1                  = DEFAULT
.
    HC3080: Warning: HPSim_spa.hpj : 
	The string "HID_FILE_MRU_FILE1" has already been aliased:
	HID_FILE_MRU_FILE1                  = DEFAULT
.
    HC3080: Warning: HPSim_spa.hpj : 
	The string "HID_FILE_MRU_FILE1" has already been aliased:
	HID_FILE_MRU_FILE1                  = DEFAULT
.
    HC3080: Warning: HPSim_spa.hpj : 
	The string "HID_FILE_MRU_FILE1" has already been aliased:
	HID_FILE_MRU_FILE1                  = DEFAULT
.
    HC3080: Warning: HPSim_spa.hpj : 
	The string "HID_FILE_MRU_FILE1" has already been aliased:
	HID_FILE_MRU_FILE1                  = DEFAULT
.
    HC3080: Warning: HPSim_spa.hpj : 
	The string "HID_FILE_MRU_FILE1" has already been aliased:
	HID_FILE_MRU_FILE1                  = DEFAULT
.
    HC3080: Warning: HPSim_spa.hpj : 
	The string "HID_FILE_MRU_FILE1" has already been aliased:
	HID_FILE_MRU_FILE1                  = DEFAULT
.
    HC3080: Warning: HPSim_spa.hpj : 
	The string "HID_FILE_MRU_FILE1" has already been aliased:
	HID_FILE_MRU_FILE1                  = DEFAULT
.
    HC3080: Warning: HPSim_spa.hpj : 
	The string "HID_FILE_MRU_FILE1" has already been aliased:
	HID_FILE_MRU_FILE1                  = DEFAULT
.
    HC3080: Warning: HPSim_spa.hpj : 
	The string "HID_FILE_MRU_FILE1" has already been aliased:
	HID_FILE_MRU_FILE1                  = DEFAULT
.
    HC3080: Warning: HPSim_spa.hpj : 
	The string "HID_FILE_MRU_FILE1" has already been aliased:
	HID_FILE_MRU_FILE1                  = DEFAULT
.
    HC3080: Warning: HPSim_spa.hpj : 
	The string "HID_FILE_MRU_FILE1" has already been aliased:
	HID_FILE_MRU_FILE1                  = DEFAULT
.
    HC3080: Warning: HPSim_spa.hpj : 
	The string "HID_FILE_MRU_FILE1" has already been aliased:
	HID_FILE_MRU_FILE1                  = DEFAULT
.
    HC3080: Warning: HPSim_spa.hpj : 
	The string "HID_FILE_MRU_FILE1" has already been aliased:
	HID_FILE_MRU_FILE1                  = DEFAULT
.
    HC3080: Warning: HPSim_spa.hpj : 
	The string "HID_HT_SIZE" has already been aliased:
	HID_HT_SIZE                         = DEFAULT
.
    HC3080: Warning: HPSim_spa.hpj : 
	The string "HID_HT_SIZE" has already been aliased:
	HID_HT_SIZE                         = DEFAULT
.
    HC3080: Warning: HPSim_spa.hpj : 
	The string "HID_HT_SIZE" has already been aliased:
	HID_HT_SIZE                         = DEFAULT
.
    HC3080: Warning: HPSim_spa.hpj : 
	The string "HID_HT_SIZE" has already been aliased:
	HID_HT_SIZE                         = DEFAULT
.
    HC3080: Warning: HPSim_spa.hpj : 
	The string "HID_HT_SIZE" has already been aliased:
	HID_HT_SIZE                         = DEFAULT
.
    HC3080: Warning: HPSim_spa.hpj : 
	The string "HID_HT_SIZE" has already been aliased:
	HID_HT_SIZE                         = DEFAULT
.
    HC3080: Warning: HPSim_spa.hpj : 
	The string "HID_HT_SIZE" has already been aliased:
	HID_HT_SIZE                         = DEFAULT
.
    HC3080: Warning: HPSim_spa.hpj : 
	The string "HID_HT_SIZE" has already been aliased:
	HID_HT_SIZE                         = DEFAULT
.
    HC3080: Warning: HPSim_spa.hpj : 
	The string "HID_HT_SIZE" has already been aliased:
	HID_HT_SIZE                         = DEFAULT
.
    HC3080: Warning: HPSim_spa.hpj : 
	The string "HID_OLE_VERB_1" has already been aliased:
	HID_OLE_VERB_1                      = DEFAULT
.
    HC3080: Warning: HPSim_spa.hpj : 
	The string "HID_OLE_VERB_1" has already been aliased:
	HID_OLE_VERB_1                      = DEFAULT
.
    HC3080: Warning: HPSim_spa.hpj : 
	The string "HID_OLE_VERB_1" has already been aliased:
	HID_OLE_VERB_1                      = DEFAULT
.
    HC3080: Warning: HPSim_spa.hpj : 
	The string "HID_OLE_VERB_1" has already been aliased:
	HID_OLE_VERB_1                      = DEFAULT
.
    HC3080: Warning: HPSim_spa.hpj : 
	The string "HID_OLE_VERB_1" has already been aliased:
	HID_OLE_VERB_1                      = DEFAULT
.
    HC3080: Warning: HPSim_spa.hpj : 
	The string "HID_OLE_VERB_1" has already been aliased:
	HID_OLE_VERB_1                      = DEFAULT
.
    HC3080: Warning: HPSim_spa.hpj : 
	The string "HID_OLE_VERB_1" has already been aliased:
	HID_OLE_VERB_1                      = DEFAULT
.
    HC3080: Warning: HPSim_spa.hpj : 
	The string "HID_OLE_VERB_1" has already been aliased:
	HID_OLE_VERB_1                      = DEFAULT
.
    HC3080: Warning: HPSim_spa.hpj : 
	The string "HID_OLE_VERB_1" has already been aliased:
	HID_OLE_VERB_1                      = DEFAULT
.
    HC3080: Warning: HPSim_spa.hpj : 
	The string "HID_OLE_VERB_1" has already been aliased:
	HID_OLE_VERB_1                      = DEFAULT
.
    HC3080: Warning: HPSim_spa.hpj : 
	The string "HID_OLE_VERB_1" has already been aliased:
	HID_OLE_VERB_1                      = DEFAULT
.
    HC3080: Warning: HPSim_spa.hpj : 
	The string "HID_OLE_VERB_1" has already been aliased:
	HID_OLE_VERB_1                      = DEFAULT
.
    HC3080: Warning: HPSim_spa.hpj : 
	The string "HID_OLE_VERB_1" has already been aliased:
	HID_OLE_VERB_1                      = DEFAULT
.
    HC3080: Warning: HPSim_spa.hpj : 
	The string "HID_OLE_VERB_1" has already been aliased:
	HID_OLE_VERB_1                      = DEFAULT
.
    HC3080: Warning: HPSim_spa.hpj : 
	The string "HID_OLE_VERB_1" has already been aliased:
	HID_OLE_VERB_1                      = DEFAULT
.
    HC3080: Warning: HPSim_spa.hpj : 
	The string "HIDW_IDD_MYDIALOGBAR" has already been aliased:
	HIDW_IDD_MYDIALOGBAR=ProjektExplorer
.
    HC3037: Warning: F:\Dokumente und Einstellungen\Administrator\Eigene Dateien\DEV\hpsim_11\HelpSource\HPSim.hm : 
	The map value for "HIDD_TRANSITION_DIALOG" is the same as the map value for "HIDR_HPS_OUTPUT".
    HC3037: Warning: F:\Dokumente und Einstellungen\Administrator\Eigene Dateien\DEV\hpsim_11\HelpSource\HPSim.hm : 
	The map value for "HIDD_TRANSITION_DIALOG" is the same as the map value for "HIDR_HPS_OUTPUT".
    HC3037: Warning: F:\Dokumente und Einstellungen\Administrator\Eigene Dateien\DEV\hpsim_11\HelpSource\HPSim.hm : 
	The map value for "HIDD_TRANSITION_DIALOG" is the same as the map value for "HIDR_HPS_OUTPUT".
    HC3037: Warning: F:\Dokumente und Einstellungen\Administrator\Eigene Dateien\DEV\hpsim_11\HelpSource\HPSim.hm : 
	The map value for "HIDD_TRANSITION_DIALOG" is the same as the map value for "HIDR_HPS_OUTPUT".
    HC3037: Warning: F:\Dokumente und Einstellungen\Administrator\Eigene Dateien\DEV\hpsim_11\HelpSource\HPSim.hm : 
	The map value for "HIDD_TRANSITION_DIALOG" is the same as the map value for "HIDR_HPS_OUTPUT".
    HC3110: Warning: topic #10 of F:\Dokumente und Einstellungen\Administrator\Eigene Dateien\DEV\hpsim_11\HelpSource\HPSim_spanish.rtf : 
	A title has already been defined for this topic.
    HC3107: Warning: topic #10 of F:\Dokumente und Einstellungen\Administrator\Eigene Dateien\DEV\hpsim_11\HelpSource\HPSim_spanish.rtf : 
	A browse sequence has already been defined for this topic.
    HC3110: Warning: topic #12 of F:\Dokumente und Einstellungen\Administrator\Eigene Dateien\DEV\hpsim_11\HelpSource\HPSim_spanish.rtf : 
	A title has already been defined for this topic.
    HC3107: Warning: topic #12 of F:\Dokumente und Einstellungen\Administrator\Eigene Dateien\DEV\hpsim_11\HelpSource\HPSim_spanish.rtf : 
	A browse sequence has already been defined for this topic.
    HC1017: Note: topic #13 of F:\Dokumente und Einstellungen\Administrator\Eigene Dateien\DEV\hpsim_11\HelpSource\HPSim_spanish.rtf : 
	A nonscrolling region crosses a page break.
    HC3048: Warning: topic #13 of F:\Dokumente und Einstellungen\Administrator\Eigene Dateien\DEV\hpsim_11\HelpSource\HPSim_spanish.rtf : 
	Nonscrolling region defined after scrolling region.
    HC1012: Note: topic #23 of F:\Dokumente und Einstellungen\Administrator\Eigene Dateien\DEV\hpsim_11\HelpSource\HPSim_spanish.rtf : 
	Table cell borders are not supported.
    HC1012: Note: topic #24 of F:\Dokumente und Einstellungen\Administrator\Eigene Dateien\DEV\hpsim_11\HelpSource\HPSim_spanish.rtf : 
	Table cell borders are not supported.
    HC1012: Note: topic #25 of F:\Dokumente und Einstellungen\Administrator\Eigene Dateien\DEV\hpsim_11\HelpSource\HPSim_spanish.rtf : 
	Table cell borders are not supported.
    HC1012: Note: topic #26 of F:\Dokumente und Einstellungen\Administrator\Eigene Dateien\DEV\hpsim_11\HelpSource\HPSim_spanish.rtf : 
	Table cell borders are not supported.
    HC1012: Note: topic #29 of F:\Dokumente und Einstellungen\Administrator\Eigene Dateien\DEV\hpsim_11\HelpSource\HPSim_spanish.rtf : 
	Table cell borders are not supported.
    HC1012: Note: topic #30 of F:\Dokumente und Einstellungen\Administrator\Eigene Dateien\DEV\hpsim_11\HelpSource\HPSim_spanish.rtf : 
	Table cell borders are not supported.
    HC1012: Note: topic #31 of F:\Dokumente und Einstellungen\Administrator\Eigene Dateien\DEV\hpsim_11\HelpSource\HPSim_spanish.rtf : 
	Table cell borders are not supported.
    HC3048: Warning: topic #39 of F:\Dokumente und Einstellungen\Administrator\Eigene Dateien\DEV\hpsim_11\HelpSource\HPSim_spanish.rtf : 
	Nonscrolling region defined after scrolling region.
    HC1010: Note: 
	The following mapped Topic IDs were not used in any topic:
	AFX_HIDP_UNREG_DONE
	HID_HT_OBJECT
	AFX_HIDP_SQL_BOOKMARKS_NOT_ENABLED
	AFX_HIDP_UNREG_FAILURE
	AFX_HIDP_SQL_BOOKMARKS_NOT_SUPPORTED
	AFX_HIDP_SQL_FIELD_NOT_FOUND
	AFX_HIDP_SQL_ROW_UPDATE_NOT_SUPPORTED
	AFX_HIDP_DLL_LOAD_FAILED
	AFX_HIDP_DLL_BAD_VERSION
	HID_HT_HELP
	HID_PAN_MODE
	HID_HT_CLOSE
	AFX_HIDP_SQL_DYNAMIC_CURSOR_NOT_SUPPORTED
    HC4009: Warning: 
	The Topic ID "contents" specified in the Project files as the Default Topic does not exist.
50	Topics
0	Jumps
49	Keywords
36	Bitmaps


Created F:\Dokumente und Einstellungen\Administrator\Eigene Dateien\DEV\hpsim_11\HelpSource\HPSim.hlp, 132,630 bytes
Bitmaps: 95,767 bytes
Hall+Zeck compression decreased help file by 19,755 bytes.
Compile time: 0 minutes, 15 seconds
9 notes, 53 warnings
